# JRE version: OpenJDK Runtime Environment (17.0.11) (build 17.0.11+0--11852314)
# Java VM: OpenJDK 64-Bit Server VM (17.0.11+0--11852314, mixed mode, tiered, compressed oops, compressed class ptrs, g1 gc, windows-amd64)
GC Precious Log:
 CPUs: 12 total, 12 available
 Memory: 15741M
 Large Page Support: Disabled
 NUMA Support: Disabled
 Compressed Oops: Enabled (32-bit)
 Heap Region Size: 1M
 Heap Min Capacity: 8M
 Heap Initial Capacity: 246M
 Heap Max Capacity: 2G
 Pre-touch: Disabled
 Parallel Workers: 10
 Concurrent Workers: 3
 Concurrent Refinement Workers: 10
 Periodic GC: Disabled
Heap:
 garbage-first heap   total 488448K, used 134843K [0x0000000080000000, 0x0000000100000000)
  region size 1024K, 3 young (3072K), 3 survivors (3072K)
 Metaspace       used 163539K, committed 165632K, reserved 1245184K
  class space    used 21335K, committed 22336K, reserved 1048576K
GC Heap History (20 events):
Event: 25903.422 GC heap after
{Heap after GC invocations=197 (full 0):
 garbage-first heap   total 399360K, used 95701K [0x0000000080000000, 0x0000000100000000)
  region size 1024K, 3 young (3072K), 3 survivors (3072K)
 Metaspace       used 163264K, committed 165120K, reserved 1245184K
  class space    used 21354K, committed 22272K, reserved 1048576K
}
Event: 25903.852 GC heap before
{Heap before GC invocations=197 (full 0):
 garbage-first heap   total 399360K, used 142805K [0x0000000080000000, 0x0000000100000000)
  region size 1024K, 51 young (52224K), 3 survivors (3072K)
 Metaspace       used 163287K, committed 165184K, reserved 1245184K
  class space    used 21355K, committed 22272K, reserved 1048576K
}
Event: 25903.859 GC heap after
{Heap after GC invocations=198 (full 0):
 garbage-first heap   total 399360K, used 102904K [0x0000000080000000, 0x0000000100000000)
  region size 1024K, 10 young (10240K), 10 survivors (10240K)
 Metaspace       used 163287K, committed 165184K, reserved 1245184K
  class space    used 21355K, committed 22272K, reserved 1048576K
}
Event: 27830.759 GC heap before
{Heap before GC invocations=199 (full 0):
 garbage-first heap   total 389120K, used 329208K [0x0000000080000000, 0x0000000100000000)
  region size 1024K, 215 young (220160K), 10 survivors (10240K)
 Metaspace       used 163204K, committed 165184K, reserved 1245184K
  class space    used 21335K, committed 22272K, reserved 1048576K
}
Event: 27830.767 GC heap after
{Heap after GC invocations=200 (full 0):
 garbage-first heap   total 389120K, used 105124K [0x0000000080000000, 0x0000000100000000)
  region size 1024K, 10 young (10240K), 10 survivors (10240K)
 Metaspace       used 163204K, committed 165184K, reserved 1245184K
  class space    used 21335K, committed 22272K, reserved 1048576K
}
Event: 27830.817 GC heap before
{Heap before GC invocations=200 (full 0):
 garbage-first heap   total 389120K, used 113316K [0x0000000080000000, 0x0000000100000000)
  region size 1024K, 19 young (19456K), 10 survivors (10240K)
 Metaspace       used 163204K, committed 165184K, reserved 1245184K
  class space    used 21335K, committed 22272K, reserved 1048576K
}
Event: 27830.832 GC heap after
{Heap after GC invocations=201 (full 0):
 garbage-first heap   total 389120K, used 102809K [0x0000000080000000, 0x0000000100000000)
  region size 1024K, 3 young (3072K), 3 survivors (3072K)
 Metaspace       used 163204K, committed 165184K, reserved 1245184K
  class space    used 21335K, committed 22272K, reserved 1048576K
}
Event: 27830.982 GC heap before
{Heap before GC invocations=201 (full 0):
 garbage-first heap   total 389120K, used 131481K [0x0000000080000000, 0x0000000100000000)
  region size 1024K, 33 young (33792K), 3 survivors (3072K)
 Metaspace       used 163207K, committed 165184K, reserved 1245184K
  class space    used 21335K, committed 22272K, reserved 1048576K
}
Event: 27830.986 GC heap after
{Heap after GC invocations=202 (full 0):
 garbage-first heap   total 389120K, used 106052K [0x0000000080000000, 0x0000000100000000)
  region size 1024K, 6 young (6144K), 6 survivors (6144K)
 Metaspace       used 163207K, committed 165184K, reserved 1245184K
  class space    used 21335K, committed 22272K, reserved 1048576K
}
Event: 28082.864 GC heap before
{Heap before GC invocations=203 (full 0):
 garbage-first heap   total 389120K, used 321092K [0x0000000080000000, 0x0000000100000000)
  region size 1024K, 190 young (194560K), 6 survivors (6144K)
 Metaspace       used 163470K, committed 165440K, reserved 1245184K
  class space    used 21361K, committed 22336K, reserved 1048576K
}
Event: 28082.872 GC heap after
{Heap after GC invocations=204 (full 0):
 garbage-first heap   total 389120K, used 109595K [0x0000000080000000, 0x0000000100000000)
  region size 1024K, 10 young (10240K), 10 survivors (10240K)
 Metaspace       used 163470K, committed 165440K, reserved 1245184K
  class space    used 21361K, committed 22336K, reserved 1048576K
}
Event: 28082.904 GC heap before
{Heap before GC invocations=204 (full 0):
 garbage-first heap   total 389120K, used 117787K [0x0000000080000000, 0x0000000100000000)
  region size 1024K, 19 young (19456K), 10 survivors (10240K)
 Metaspace       used 163494K, committed 165504K, reserved 1245184K
  class space    used 21361K, committed 22336K, reserved 1048576K
}
Event: 28082.910 GC heap after
{Heap after GC invocations=205 (full 0):
 garbage-first heap   total 389120K, used 105608K [0x0000000080000000, 0x0000000100000000)
  region size 1024K, 2 young (2048K), 2 survivors (2048K)
 Metaspace       used 163494K, committed 165504K, reserved 1245184K
  class space    used 21361K, committed 22336K, reserved 1048576K
}
Event: 28112.400 GC heap before
{Heap before GC invocations=205 (full 0):
 garbage-first heap   total 389120K, used 301192K [0x0000000080000000, 0x0000000100000000)
  region size 1024K, 194 young (198656K), 2 survivors (2048K)
 Metaspace       used 163651K, committed 165632K, reserved 1245184K
  class space    used 21361K, committed 22336K, reserved 1048576K
}
Event: 28112.410 GC heap after
{Heap after GC invocations=206 (full 0):
 garbage-first heap   total 389120K, used 116731K [0x0000000080000000, 0x0000000100000000)
  region size 1024K, 13 young (13312K), 13 survivors (13312K)
 Metaspace       used 163651K, committed 165632K, reserved 1245184K
  class space    used 21361K, committed 22336K, reserved 1048576K
}
Event: 28364.988 GC heap before
{Heap before GC invocations=207 (full 0):
 garbage-first heap   total 389120K, used 307195K [0x0000000080000000, 0x0000000100000000)
  region size 1024K, 198 young (202752K), 13 survivors (13312K)
 Metaspace       used 163539K, committed 165632K, reserved 1245184K
  class space    used 21335K, committed 22336K, reserved 1048576K
}
Event: 28365.002 GC heap after
{Heap after GC invocations=208 (full 0):
 garbage-first heap   total 389120K, used 137073K [0x0000000080000000, 0x0000000100000000)
  region size 1024K, 25 young (25600K), 25 survivors (25600K)
 Metaspace       used 163539K, committed 165632K, reserved 1245184K
  class space    used 21335K, committed 22336K, reserved 1048576K
}
Event: 28365.004 GC heap before
{Heap before GC invocations=208 (full 0):
 garbage-first heap   total 389120K, used 138097K [0x0000000080000000, 0x0000000100000000)
  region size 1024K, 26 young (26624K), 25 survivors (25600K)
 Metaspace       used 163539K, committed 165632K, reserved 1245184K
  class space    used 21335K, committed 22336K, reserved 1048576K
}
Event: 28365.017 GC heap after
{Heap after GC invocations=209 (full 0):
 garbage-first heap   total 389120K, used 134851K [0x0000000080000000, 0x0000000100000000)
  region size 1024K, 3 young (3072K), 3 survivors (3072K)
 Metaspace       used 163539K, committed 165632K, reserved 1245184K
  class space    used 21335K, committed 22336K, reserved 1048576K
}
Event: 28365.020 GC heap before
{Heap before GC invocations=209 (full 0):
 garbage-first heap   total 389120K, used 135875K [0x0000000080000000, 0x0000000100000000)
  region size 1024K, 6 young (6144K), 3 survivors (3072K)
 Metaspace       used 163539K, committed 165632K, reserved 1245184K
  class space    used 21335K, committed 22336K, reserved 1048576K
}

